Traceback (most recent call last):
  File "/home/spr/Documentos/Docencia/TEA/teaenv/lib64/python3.8/site-packages/jupyter_cache/executors/utils.py", line 51, in single_nb_execution
    executenb(
  File "/home/spr/Documentos/Docencia/TEA/teaenv/lib64/python3.8/site-packages/nbclient/client.py", line 1087, in execute
    return NotebookClient(nb=nb, resources=resources, km=km, **kwargs).execute()
  File "/home/spr/Documentos/Docencia/TEA/teaenv/lib64/python3.8/site-packages/nbclient/util.py", line 74, in wrapped
    return just_run(coro(*args, **kwargs))
  File "/home/spr/Documentos/Docencia/TEA/teaenv/lib64/python3.8/site-packages/nbclient/util.py", line 53, in just_run
    return loop.run_until_complete(coro)
  File "/usr/lib64/python3.8/asyncio/base_events.py", line 616, in run_until_complete
    return future.result()
  File "/home/spr/Documentos/Docencia/TEA/teaenv/lib64/python3.8/site-packages/nbclient/client.py", line 540, in async_execute
    await self.async_execute_cell(
  File "/home/spr/Documentos/Docencia/TEA/teaenv/lib64/python3.8/site-packages/nbclient/client.py", line 832, in async_execute_cell
    self._check_raise_for_error(cell, exec_reply)
  File "/home/spr/Documentos/Docencia/TEA/teaenv/lib64/python3.8/site-packages/nbclient/client.py", line 740, in _check_raise_for_error
    raise CellExecutionError.from_cell_and_msg(cell, exec_reply['content'])
nbclient.exceptions.CellExecutionError: An error occurred while executing the following cell:
------------------
import matplotlib
%matplotlib inline
import matplotlib.pyplot as plt
from matplotlib.colors import LogNorm
from mpl_toolkits.axes_grid1 import make_axes_locatable

from astropy.io import fits
from astropy.stats import sigma_clip, sigma_clipped_stats, mad_std

import ccdproc
from ccdproc import CCDData, Combiner
from ccdproc import median_filter

import numpy as np
import numpy.ma as ma

from photutils import DAOStarFinder
from photutils import CircularAperture
------------------

[0;31m---------------------------------------------------------------------------[0m
[0;31mModuleNotFoundError[0m                       Traceback (most recent call last)
[0;32m<ipython-input-1-374f4956b6cd>[0m in [0;36m<module>[0;34m[0m
[1;32m     15[0m [0;32mimport[0m [0mnumpy[0m[0;34m.[0m[0mma[0m [0;32mas[0m [0mma[0m[0;34m[0m[0;34m[0m[0m
[1;32m     16[0m [0;34m[0m[0m
[0;32m---> 17[0;31m [0;32mfrom[0m [0mphotutils[0m [0;32mimport[0m [0mDAOStarFinder[0m[0;34m[0m[0;34m[0m[0m
[0m[1;32m     18[0m [0;32mfrom[0m [0mphotutils[0m [0;32mimport[0m [0mCircularAperture[0m[0;34m[0m[0;34m[0m[0m

[0;31mModuleNotFoundError[0m: No module named 'photutils'
ModuleNotFoundError: No module named 'photutils'

